2023-03-24 14:36:28,878 -     INFO - Importing libraries... (2238536406.py:2)
2023-03-24 14:36:33,570 -     INFO - Reading data... (910505981.py:2)
2023-03-24 14:36:33,736 -     INFO - Selecting columns:'case:concept:name', 'concept:name', 'time:timestamp', 'Next Time', 'lifecycle:transition' (910505981.py:7)
2023-03-24 14:36:33,744 -     INFO - Removing NaN values... (910505981.py:12)
2023-03-24 14:36:33,762 -     INFO - Eliminating outliers... (910505981.py:19)
2023-03-24 14:36:33,771 -     INFO - One hot encoding of the activities... (910505981.py:31)
2023-03-24 14:36:33,933 -     INFO - Pulling the week day from the timestamp and hot encoding it... (910505981.py:38)
2023-03-24 14:36:34,593 -     INFO - Dropping timestamp... (910505981.py:52)
2023-03-24 14:36:34,599 -     INFO - Encoding lifecycle:transition... (910505981.py:57)
2023-03-24 14:38:31,409 -     INFO - Importing libraries... (2238536406.py:2)
2023-03-24 14:38:33,277 -     INFO - Reading data... (1763118502.py:2)
2023-03-24 14:38:33,441 -     INFO - Selecting columns:'case:concept:name', 'concept:name', 'time:timestamp', 'Next Time', 'lifecycle:transition' (1763118502.py:7)
2023-03-24 14:38:33,447 -     INFO - Removing NaN values... (1763118502.py:12)
2023-03-24 14:38:33,460 -     INFO - Eliminating outliers... (1763118502.py:20)
2023-03-24 14:38:33,468 -     INFO - One hot encoding of the activities... (1763118502.py:32)
2023-03-24 14:38:33,598 -     INFO - Pulling the week day from the timestamp and hot encoding it... (1763118502.py:39)
2023-03-24 14:38:34,068 -     INFO - Dropping timestamp... (1763118502.py:53)
2023-03-24 14:38:34,073 -     INFO - Encoding lifecycle:transition... (1763118502.py:58)
2023-03-24 14:39:22,998 -     INFO - Splitting data into x and y... (4105737707.py:2)
2023-03-24 14:39:27,126 -     INFO - Normalizing y values... (700907669.py:4)
2023-03-24 14:40:23,076 -     INFO - Reshaping x values from 3D to 2D... (789070195.py:1)
2023-03-24 14:44:11,178 -     INFO - Importing libraries... (2238536406.py:2)
2023-03-24 14:44:14,059 -     INFO - Reading data... (1763118502.py:2)
2023-03-24 14:44:14,194 -     INFO - Selecting columns:'case:concept:name', 'concept:name', 'time:timestamp', 'Next Time', 'lifecycle:transition' (1763118502.py:7)
2023-03-24 14:44:14,201 -     INFO - Removing NaN values... (1763118502.py:12)
2023-03-24 14:44:14,213 -     INFO - Eliminating outliers... (1763118502.py:20)
2023-03-24 14:44:14,220 -     INFO - One hot encoding of the activities... (1763118502.py:32)
2023-03-24 14:44:14,366 -     INFO - Pulling the week day from the timestamp and hot encoding it... (1763118502.py:39)
2023-03-24 14:44:14,917 -     INFO - Dropping timestamp... (1763118502.py:53)
2023-03-24 14:44:14,922 -     INFO - Encoding lifecycle:transition... (1763118502.py:58)
2023-03-24 14:44:33,182 -     INFO - Splitting data into x and y... (4105737707.py:2)
2023-03-24 14:44:35,436 -     INFO - Normalizing y values... (700907669.py:4)
2023-03-24 14:44:37,876 -     INFO - Reshaping x values from 3D to 2D... (789070195.py:1)
2023-03-24 20:34:37,194 -     INFO - Importing libraries... (2238536406.py:2)
2023-03-24 20:36:33,353 -     INFO - Importing libraries... (2238536406.py:2)
2023-03-24 20:36:35,084 -     INFO - Reading data... (910505981.py:2)
2023-03-24 20:36:35,216 -     INFO - Selecting columns:'case:concept:name', 'concept:name', 'time:timestamp', 'Next Time', 'lifecycle:transition' (910505981.py:7)
2023-03-24 20:36:35,224 -     INFO - Removing NaN values... (910505981.py:12)
2023-03-24 20:36:35,236 -     INFO - Eliminating outliers... (910505981.py:19)
2023-03-24 20:36:35,245 -     INFO - One hot encoding of the activities... (910505981.py:31)
2023-03-24 20:36:35,376 -     INFO - Pulling the week day from the timestamp and hot encoding it... (910505981.py:38)
2023-03-24 20:36:35,852 -     INFO - Dropping timestamp... (910505981.py:52)
2023-03-24 20:36:35,857 -     INFO - Encoding lifecycle:transition... (910505981.py:57)
2023-03-24 20:37:51,114 -     INFO - Splitting data into x and y... (4105737707.py:2)
2023-03-24 20:37:53,777 -     INFO - Normalizing y values... (700907669.py:4)
2023-03-24 20:37:57,226 -     INFO - Reshaping x values from 3D to 2D... (789070195.py:1)
2023-03-24 20:45:03,092 -     INFO - Importing libraries... (2238536406.py:2)
2023-03-24 20:45:04,753 -     INFO - Reading data... (910505981.py:2)
2023-03-24 20:45:04,890 -     INFO - Selecting columns:'case:concept:name', 'concept:name', 'time:timestamp', 'Next Time', 'lifecycle:transition' (910505981.py:7)
2023-03-24 20:45:04,894 -     INFO - Removing NaN values... (910505981.py:12)
2023-03-24 20:45:04,905 -     INFO - Eliminating outliers... (910505981.py:19)
2023-03-24 20:45:04,913 -     INFO - One hot encoding of the activities... (910505981.py:31)
2023-03-24 20:45:05,030 -     INFO - Pulling the week day from the timestamp and hot encoding it... (910505981.py:38)
2023-03-24 20:45:05,477 -     INFO - Dropping timestamp... (910505981.py:52)
2023-03-24 20:45:05,483 -     INFO - Encoding lifecycle:transition... (910505981.py:57)
2023-03-24 20:45:21,032 -     INFO - Splitting data into x and y... (4105737707.py:2)
2023-03-24 20:45:24,292 -     INFO - Normalizing y values... (700907669.py:4)
2023-03-24 20:45:28,100 -     INFO - Reshaping x values from 3D to 2D... (3610226961.py:1)
2023-03-24 20:45:28,510 -     INFO - Reshaping y values from 2D to 1D... (3610226961.py:18)
2023-03-24 20:53:27,621 -     INFO - Importing libraries... (2238536406.py:2)
2023-03-24 20:53:29,241 -     INFO - Reading data... (1933349490.py:2)
2023-03-24 20:53:29,390 -     INFO - Selecting columns:'case:concept:name', 'concept:name', 'time:timestamp', 'Next Time', 'lifecycle:transition' (1933349490.py:7)
2023-03-24 20:53:29,397 -     INFO - Removing NaN values... (1933349490.py:12)
2023-03-24 20:53:29,410 -     INFO - Eliminating outliers... (1933349490.py:19)
2023-03-24 20:53:29,419 -     INFO - One hot encoding of the activities... (1933349490.py:31)
2023-03-24 20:53:29,537 -     INFO - Pulling the week day from the timestamp and hot encoding it... (1933349490.py:38)
2023-03-24 20:53:29,997 -     INFO - Dropping timestamp... (1933349490.py:52)
2023-03-24 20:53:30,003 -     INFO - Encoding lifecycle:transition... (1933349490.py:57)
2023-03-24 20:53:44,946 -     INFO - Splitting data into x and y... (4105737707.py:2)
2023-03-24 20:53:47,921 -     INFO - Normalizing y values... (700907669.py:4)
2023-03-24 20:53:51,130 -     INFO - Reshaping x values from 3D to 2D... (3610226961.py:1)
2023-03-24 20:53:51,535 -     INFO - Reshaping y values from 2D to 1D... (3610226961.py:18)
2023-03-24 20:55:07,230 -     INFO - Importing libraries... (2238536406.py:2)
2023-03-24 20:55:08,780 -     INFO - Reading data... (3752408912.py:2)
2023-03-24 20:55:08,918 -     INFO - Selecting columns:'case:concept:name', 'concept:name', 'time:timestamp', 'Next Time', 'lifecycle:transition' (3752408912.py:7)
2023-03-24 20:55:08,923 -     INFO - Removing NaN values... (3752408912.py:12)
2023-03-24 20:55:08,937 -     INFO - Eliminating outliers... (3752408912.py:19)
2023-03-24 20:55:08,944 -     INFO - One hot encoding of the activities... (3752408912.py:31)
2023-03-24 20:55:09,073 -     INFO - Pulling the week day from the timestamp and hot encoding it... (3752408912.py:38)
2023-03-24 20:55:09,520 -     INFO - Dropping timestamp... (3752408912.py:52)
2023-03-24 20:55:09,525 -     INFO - Encoding lifecycle:transition... (3752408912.py:57)
2023-03-24 20:55:25,548 -     INFO - Splitting data into x and y... (4105737707.py:2)
2023-03-24 20:55:28,240 -     INFO - Normalizing y values... (700907669.py:4)
2023-03-24 20:55:32,089 -     INFO - Reshaping x values from 3D to 2D... (3610226961.py:1)
2023-03-24 20:55:32,496 -     INFO - Reshaping y values from 2D to 1D... (3610226961.py:18)
2023-03-24 20:56:58,694 -     INFO - Importing libraries... (2238536406.py:2)
2023-03-24 20:57:00,248 -     INFO - Reading data... (1997707861.py:2)
2023-03-24 20:57:00,399 -     INFO - Selecting columns:'case:concept:name', 'concept:name', 'time:timestamp', 'Next Time', 'lifecycle:transition' (1997707861.py:7)
2023-03-24 20:57:00,405 -     INFO - Removing NaN values... (1997707861.py:12)
2023-03-24 20:57:00,419 -     INFO - Eliminating outliers... (1997707861.py:19)
2023-03-24 20:57:00,420 -     INFO - One hot encoding of the activities... (1997707861.py:33)
2023-03-24 20:57:00,545 -     INFO - Pulling the week day from the timestamp and hot encoding it... (1997707861.py:40)
2023-03-24 20:57:01,166 -     INFO - Dropping timestamp... (1997707861.py:54)
2023-03-24 20:57:01,171 -     INFO - Encoding lifecycle:transition... (1997707861.py:59)
2023-03-24 20:57:20,293 -     INFO - Splitting data into x and y... (4105737707.py:2)
2023-03-24 20:57:23,773 -     INFO - Normalizing y values... (700907669.py:4)
2023-03-24 20:57:26,846 -     INFO - Reshaping x values from 3D to 2D... (3610226961.py:1)
2023-03-24 20:57:27,254 -     INFO - Reshaping y values from 2D to 1D... (3610226961.py:18)
2023-03-24 21:03:49,589 -     INFO - Reading data... (2686146794.py:2)
2023-03-24 21:03:49,726 -     INFO - Selecting columns:'case:concept:name', 'concept:name', 'time:timestamp', 'Next Time', 'lifecycle:transition' (2686146794.py:7)
2023-03-24 21:03:49,733 -     INFO - Removing NaN values... (2686146794.py:12)
2023-03-24 21:03:49,744 -     INFO - Eliminating outliers... (2686146794.py:19)
2023-03-24 21:03:49,755 -     INFO - One hot encoding of the activities... (2686146794.py:33)
2023-03-24 21:03:49,862 -     INFO - Pulling the week day from the timestamp and hot encoding it... (2686146794.py:40)
2023-03-24 21:03:50,249 -     INFO - Dropping timestamp... (2686146794.py:54)
2023-03-24 21:03:50,255 -     INFO - Encoding lifecycle:transition... (2686146794.py:59)
2023-03-24 21:04:17,318 -     INFO - Splitting data into x and y... (4105737707.py:2)
2023-03-24 21:04:48,935 -     INFO - Normalizing y values... (700907669.py:4)
2023-03-24 21:05:38,225 -     INFO - Reshaping x values from 3D to 2D... (3610226961.py:1)
2023-03-24 21:05:38,587 -     INFO - Reshaping y values from 2D to 1D... (3610226961.py:18)
